
===== Scraper run: Wed Feb 25 09:00:00 EST 2026 =====
[1/3] Eventbrite...
Eventbrite scraper starting — 2026-02-25 09:00
  [Delray Beach] Request failed: 404 Client Error: NOT FOUND for url: https://www.eventbriteapi.com/v3/events/search/?token=WEAN4HUXY452N6VB7IV3&location.latitude=26.4615&location.longitude=-80.0728&location.within=5mi&categories=103%2C105%2C110%2C113%2C108&expand=venue%2Ccategory%2Cticket_availability&sort_by=date&page_size=50
  [Boca Raton] Request failed: 404 Client Error: NOT FOUND for url: https://www.eventbriteapi.com/v3/events/search/?token=WEAN4HUXY452N6VB7IV3&location.latitude=26.3683&location.longitude=-80.1289&location.within=5mi&categories=103%2C105%2C110%2C113%2C108&expand=venue%2Ccategory%2Cticket_availability&sort_by=date&page_size=50
  [Boynton Beach] Request failed: 404 Client Error: NOT FOUND for url: https://www.eventbriteapi.com/v3/events/search/?token=WEAN4HUXY452N6VB7IV3&location.latitude=26.5254&location.longitude=-80.0662&location.within=5mi&categories=103%2C105%2C110%2C113%2C108&expand=venue%2Ccategory%2Cticket_availability&sort_by=date&page_size=50
  [Lake Worth Beach] Request failed: 404 Client Error: NOT FOUND for url: https://www.eventbriteapi.com/v3/events/search/?token=WEAN4HUXY452N6VB7IV3&location.latitude=26.6168&location.longitude=-80.0557&location.within=5mi&categories=103%2C105%2C110%2C113%2C108&expand=venue%2Ccategory%2Cticket_availability&sort_by=date&page_size=50
  [West Palm Beach] Request failed: 404 Client Error: NOT FOUND for url: https://www.eventbriteapi.com/v3/events/search/?token=WEAN4HUXY452N6VB7IV3&location.latitude=26.7153&location.longitude=-80.0534&location.within=5mi&categories=103%2C105%2C110%2C113%2C108&expand=venue%2Ccategory%2Cticket_availability&sort_by=date&page_size=50
Done. 0 total events written to /Users/theoknox/.openclaw/workspace/operation-barfly/app/data/staging/eventbrite-2026-02-25.json
Done.
[2/3] Google Places...
ERROR: google_places_key missing from config.json
Done.
[3/3] Venue Sites...
Venue site scraper starting — 2026-02-25 09:00
  Scraping: Barrel of Monks (https://www.barrelofmonks.com/events)
  URL error fetching https://www.barrelofmonks.com/events: [SSL: CERTIFICATE_VERIFY_FAILED] certificate verify failed: Hostname mismatch, certificate is not valid for 'www.barrelofmonks.com'. (_ssl.c:1081)
  Scraping: Funky Buddha Brewery (https://www.funkybuddhabrewery.com/events)
  URL error fetching https://www.funkybuddhabrewery.com/events: [SSL: SSLV3_ALERT_HANDSHAKE_FAILURE] ssl/tls alert handshake failure (_ssl.c:1081)
  Scraping: Dead Owl Brewing (https://deadowlbrewing.com/events)
  URL error fetching https://deadowlbrewing.com/events: [Errno 8] nodename nor servname provided, or not known
  Scraping: The Dubliner Boca (https://thedublinerboca.com/events)
  URL error fetching https://thedublinerboca.com/events: [Errno 8] nodename nor servname provided, or not known
  Scraping: Blue Martini (https://bluemartinilounge.com/boca-raton/events)
  URL error fetching https://bluemartinilounge.com/boca-raton/events: timed out
  Scraping: Boston's on the Beach (https://bostonsonthebeach.com/events)
    Found 0 potential events
  Scraping: DaDa (https://www.dadaDelray.com/events)
  HTTP 404 fetching https://www.dadaDelray.com/events
  Scraping: Old School Square (https://www.oldschoolsquare.org/events)
    Found 8 potential events
  Scraping: The Blind Monk (https://theblindmonk.com/events)
  HTTP 404 fetching https://theblindmonk.com/events
  Scraping: Respectable Street (https://www.respectable.com/events)
    Found 0 potential events
  Scraping: Banko Cantina (https://www.bankocantina.com/events)
  HTTP 503 fetching https://www.bankocantina.com/events
  Scraping: Arts Garage (https://www.artsgarage.org/events)
    Found 28 potential events
  Scraping: Morikami Museum (https://www.morikami.org/events)
  HTTP 404 fetching https://www.morikami.org/events
  Scraping: Norton Museum of Art (https://www.norton.org/events)
    Found 0 potential events
Done. 36 potential events written to /Users/theoknox/.openclaw/workspace/operation-barfly/app/data/staging/venue-sites-2026-02-25.json
NOTE: venue-site events are marked needsReview:true — run merge.py to review before publishing.
Done.
[4/4] Merging...
Merge script starting — 2026-02-25 09:00

Processing: eventbrite-2026-02-25.json
  Empty — skipping

Processing: venue-sites-2026-02-25.json

Done. 0 events added, 0 venue fields updated.
Merge done.
[5/5] Checking for data changes...
No data changes. Nothing to push.
===== Complete: Wed Feb 25 09:00:51 EST 2026 =====
